0 info it worked if it ends with ok
1 verbose cli [ '/usr/local/bin/node',
1 verbose cli   '/usr/local/bin/npm',
1 verbose cli   'install',
1 verbose cli   '-g',
1 verbose cli   'bower' ]
2 info using npm@1.4.28
3 info using node@v0.10.35
4 verbose cache add [ 'bower', null ]
5 verbose cache add name=undefined spec="bower" args=["bower",null]
6 verbose parsed url { protocol: null,
6 verbose parsed url   slashes: null,
6 verbose parsed url   auth: null,
6 verbose parsed url   host: null,
6 verbose parsed url   port: null,
6 verbose parsed url   hostname: null,
6 verbose parsed url   hash: null,
6 verbose parsed url   search: null,
6 verbose parsed url   query: null,
6 verbose parsed url   pathname: 'bower',
6 verbose parsed url   path: 'bower',
6 verbose parsed url   href: 'bower' }
7 silly lockFile 206e3ce5-bower bower
8 verbose lock bower /home/nakul/.npm/206e3ce5-bower.lock
9 silly lockFile 206e3ce5-bower bower
10 silly lockFile 206e3ce5-bower bower
11 verbose addNamed [ 'bower', '' ]
12 verbose addNamed [ null, '*' ]
13 silly lockFile 1240aab1-bower bower@
14 verbose lock bower@ /home/nakul/.npm/1240aab1-bower.lock
15 silly addNameRange { name: 'bower', range: '*', hasData: false }
16 verbose request where is /bower
17 verbose request registry http://registry.npmjs.org/
18 verbose request id 1a7990965ed3fb28
19 verbose url raw /bower
20 verbose url resolving [ 'http://registry.npmjs.org/', './bower' ]
21 verbose url resolved http://registry.npmjs.org/bower
22 verbose request where is http://registry.npmjs.org/bower
23 info trying registry request attempt 1 at 00:50:12
24 verbose etag "232E5M840FMIC7FBPX3GZWKF1"
25 http GET http://registry.npmjs.org/bower
26 http 200 http://registry.npmjs.org/bower
27 silly registry.get cb [ 200,
27 silly registry.get   { server: 'CouchDB/1.5.0 (Erlang OTP/R16B03)',
27 silly registry.get     etag: '"EPAF1JJ45JIB3TIGMO9VYR1E3"',
27 silly registry.get     'content-type': 'application/json',
27 silly registry.get     'cache-control': 'max-age=60',
27 silly registry.get     'content-length': '111531',
27 silly registry.get     'accept-ranges': 'bytes',
27 silly registry.get     date: 'Sun, 05 Apr 2015 04:50:12 GMT',
27 silly registry.get     via: '1.1 varnish',
27 silly registry.get     age: '3',
27 silly registry.get     connection: 'keep-alive',
27 silly registry.get     'x-served-by': 'cache-atl6231-ATL',
27 silly registry.get     'x-cache': 'HIT',
27 silly registry.get     'x-cache-hits': '1',
27 silly registry.get     'x-timer': 'S1428209412.955242,VS0,VE1',
27 silly registry.get     vary: 'Accept' } ]
28 silly addNameRange number 2 { name: 'bower', range: '*', hasData: true }
29 silly addNameRange versions [ 'bower',
29 silly addNameRange   [ '0.1.0',
29 silly addNameRange     '0.1.2',
29 silly addNameRange     '0.1.3',
29 silly addNameRange     '0.2.0',
29 silly addNameRange     '0.3.0',
29 silly addNameRange     '0.3.1',
29 silly addNameRange     '0.3.2',
29 silly addNameRange     '0.4.0',
29 silly addNameRange     '0.5.0',
29 silly addNameRange     '0.5.1',
29 silly addNameRange     '0.6.0',
29 silly addNameRange     '0.6.1',
29 silly addNameRange     '0.6.2',
29 silly addNameRange     '0.6.3',
29 silly addNameRange     '0.6.4',
29 silly addNameRange     '0.6.5',
29 silly addNameRange     '0.6.6',
29 silly addNameRange     '0.6.7',
29 silly addNameRange     '0.6.8',
29 silly addNameRange     '0.7.0',
29 silly addNameRange     '0.7.1',
29 silly addNameRange     '0.8.0',
29 silly addNameRange     '0.8.1',
29 silly addNameRange     '0.8.2',
29 silly addNameRange     '0.8.3',
29 silly addNameRange     '0.8.4',
29 silly addNameRange     '0.8.5',
29 silly addNameRange     '0.8.6',
29 silly addNameRange     '0.9.0',
29 silly addNameRange     '0.9.1',
29 silly addNameRange     '0.9.2',
29 silly addNameRange     '0.10.0',
29 silly addNameRange     '1.0.0',
29 silly addNameRange     '1.0.1',
29 silly addNameRange     '1.0.2',
29 silly addNameRange     '1.0.3',
29 silly addNameRange     '1.1.0',
29 silly addNameRange     '1.1.1',
29 silly addNameRange     '1.1.2',
29 silly addNameRange     '1.2.0',
29 silly addNameRange     '1.2.1',
29 silly addNameRange     '1.2.2',
29 silly addNameRange     '1.2.3',
29 silly addNameRange     '1.2.4',
29 silly addNameRange     '1.2.5',
29 silly addNameRange     '1.2.6',
29 silly addNameRange     '1.2.7',
29 silly addNameRange     '1.2.8',
29 silly addNameRange     '1.3.0',
29 silly addNameRange     '1.3.1',
29 silly addNameRange     '1.3.2',
29 silly addNameRange     '1.3.3',
29 silly addNameRange     '1.3.4',
29 silly addNameRange     '1.3.5',
29 silly addNameRange     '1.3.6',
29 silly addNameRange     '1.3.7',
29 silly addNameRange     '1.3.8',
29 silly addNameRange     '1.3.9',
29 silly addNameRange     '1.3.10',
29 silly addNameRange     '1.3.11',
29 silly addNameRange     '1.3.12',
29 silly addNameRange     '1.4.0',
29 silly addNameRange     '1.4.1' ] ]
30 verbose addNamed [ 'bower', '1.4.1' ]
31 verbose addNamed [ '1.4.1', '1.4.1' ]
32 silly lockFile 185f46c0-bower-1-4-1 bower@1.4.1
33 verbose lock bower@1.4.1 /home/nakul/.npm/185f46c0-bower-1-4-1.lock
34 silly lockFile 1570c89a--npmjs-org-bower-bower-1-4-1-tgz http://registry.npmjs.org/bower/-/bower-1.4.1.tgz
35 verbose lock http://registry.npmjs.org/bower/-/bower-1.4.1.tgz /home/nakul/.npm/1570c89a--npmjs-org-bower-bower-1-4-1-tgz.lock
36 verbose addRemoteTarball [ 'http://registry.npmjs.org/bower/-/bower-1.4.1.tgz',
36 verbose addRemoteTarball   'a18be39d030792754f30f1c5b32d37b0156ba8dd' ]
37 info retry fetch attempt 1 at 00:50:13
38 verbose fetch to= /tmp/npm-30792-Z2T044it/registry.npmjs.org/bower/-/bower-1.4.1.tgz
39 http GET http://registry.npmjs.org/bower/-/bower-1.4.1.tgz
40 http 200 http://registry.npmjs.org/bower/-/bower-1.4.1.tgz
41 silly lockFile 1570c89a--npmjs-org-bower-bower-1-4-1-tgz http://registry.npmjs.org/bower/-/bower-1.4.1.tgz
42 silly lockFile 1570c89a--npmjs-org-bower-bower-1-4-1-tgz http://registry.npmjs.org/bower/-/bower-1.4.1.tgz
43 silly lockFile 185f46c0-bower-1-4-1 bower@1.4.1
44 silly lockFile 185f46c0-bower-1-4-1 bower@1.4.1
45 silly lockFile 1240aab1-bower bower@
46 silly lockFile 1240aab1-bower bower@
47 error Error: EACCES, mkdir '/home/nakul/.npm/bower/1.4.1'
47 error  { [Error: EACCES, mkdir '/home/nakul/.npm/bower/1.4.1']
47 error   errno: 3,
47 error   code: 'EACCES',
47 error   path: '/home/nakul/.npm/bower/1.4.1' }
48 error Please try running this command again as root/Administrator.
49 error System Linux 3.13.0-44-generic
50 error command "/usr/local/bin/node" "/usr/local/bin/npm" "install" "-g" "bower"
51 error cwd /home/nakul/NCSU_CS_Courses/CSC591-DIC/HW3/trendingUI
52 error node -v v0.10.35
53 error npm -v 1.4.28
54 error path /home/nakul/.npm/bower/1.4.1
55 error code EACCES
56 error errno 3
57 error stack Error: EACCES, mkdir '/home/nakul/.npm/bower/1.4.1'
58 verbose exit [ 3, true ]
